<?xml version="1.0" encoding="UTF-8"?>
<!-- Generated by org.testng.reporters.JUnitReportReporter -->
<testsuite hostname="LAPTOP-ONN5GLAC" failures="0" tests="3" name="com.datadriventesting.DDTesing" time="2.350" errors="0" timestamp="2025-10-04T08:47:00 IST" skipped="0">
  <testcase classname="com.datadriventesting.DDTesing" name="createusers" time="0.041"/>
  <system-out/>
  <testcase classname="com.datadriventesting.DDTesing" name="createusers" time="2.275"/>
  <system-out/>
  <testcase classname="com.datadriventesting.DDTesing" name="createusers" time="0.034"/>
  <system-out/>
</testsuite> <!-- com.datadriventesting.DDTesing -->
