<?xml version="1.0" encoding="UTF-8"?>
<!-- Generated by org.testng.reporters.JUnitReportReporter -->
<testsuite hostname="LAPTOP-ONN5GLAC" failures="0" tests="1" name="com.api_test.deleteuser" time="0.029" errors="0" timestamp="2025-10-04T14:03:42 IST" skipped="0">
  <testcase classname="com.api_test.deleteuser" name="delete" time="0.029"/>
  <system-out/>
</testsuite> <!-- com.api_test.deleteuser -->
